User Side/build/app/intermediates/manifest_merge_blame_file/debug/manifest-merger-blame-debug-report.txt
1<?xml version="1.0" encoding="utf-8"?>
2<manifest xmlns:android="http://schemas.android.com/apk/res/android"
3    package="com.example.aapka_aadhaar"
4    android:versionCode="1"
5    android:versionName="1.0.0" >
6
7    <uses-sdk
8        android:minSdkVersion="20"
9        android:targetSdkVersion="31" />
10    <!--
11         The INTERNET permission is required for development. Specifically,
12         the Flutter tool needs it to communicate with the running application
13         to allow setting breakpoints, to provide hot reload, etc.
14    -->
15    <uses-permission android:name="android.permission.INTERNET" />
15-->src\main\AndroidManifest.xml:46:5-67
15-->src\main\AndroidManifest.xml:46:22-64
16    <uses-permission android:name="android.permission.ACCESS_COARSE_LOCATION" />
16-->src\main\AndroidManifest.xml:3:5-81
16-->src\main\AndroidManifest.xml:3:22-78
17    <uses-permission android:name="android.permission.ACCESS_FINE_LOCATION" /> <!-- Provide required visibility configuration for API level 30 and above -->
17-->src\main\AndroidManifest.xml:4:5-79
17-->src\main\AndroidManifest.xml:4:22-76
18    <queries>
18-->src\main\AndroidManifest.xml:39:5-45:15
19
20        <!-- If your app checks for call support -->
21        <intent>
21-->src\main\AndroidManifest.xml:41:9-44:18
22            <action android:name="android.intent.action.VIEW" />
22-->src\main\AndroidManifest.xml:42:13-65
22-->src\main\AndroidManifest.xml:42:21-62
23
24            <data android:scheme="tel" />
24-->src\main\AndroidManifest.xml:43:17-46
24-->src\main\AndroidManifest.xml:43:23-43
25        </intent>
26        <intent>
26-->[com.razorpay:checkout:1.6.19] AndroidManifest.xml:12:9-18:18
27            <action android:name="android.intent.action.VIEW" />
27-->src\main\AndroidManifest.xml:42:13-65
27-->src\main\AndroidManifest.xml:42:21-62
28
29            <data
29-->src\main\AndroidManifest.xml:43:17-46
30                android:mimeType="*/*"
31                android:scheme="*" />
31-->src\main\AndroidManifest.xml:43:23-43
32        </intent>
33        <intent>
33-->[com.razorpay:checkout:1.6.19] AndroidManifest.xml:19:9-28:18
34            <action android:name="android.intent.action.VIEW" />
34-->src\main\AndroidManifest.xml:42:13-65
34-->src\main\AndroidManifest.xml:42:21-62
35
36            <category android:name="android.intent.category.BROWSABLE" />
36-->[com.google.firebase:firebase-auth:21.0.6] AndroidManifest.xml:37:17-78
36-->[com.google.firebase:firebase-auth:21.0.6] AndroidManifest.xml:37:27-75
37
38            <data
38-->src\main\AndroidManifest.xml:43:17-46
39                android:host="pay"
40                android:mimeType="*/*"
41                android:scheme="upi" />
41-->src\main\AndroidManifest.xml:43:23-43
42        </intent>
43        <intent>
43-->[com.razorpay:checkout:1.6.19] AndroidManifest.xml:29:9-31:18
44            <action android:name="android.intent.action.MAIN" />
44-->[com.razorpay:checkout:1.6.19] AndroidManifest.xml:30:13-65
44-->[com.razorpay:checkout:1.6.19] AndroidManifest.xml:30:21-62
45        </intent>
46        <intent>
46-->[com.razorpay:checkout:1.6.19] AndroidManifest.xml:32:9-36:18
47            <action android:name="android.intent.action.SEND" />
47-->[com.razorpay:checkout:1.6.19] AndroidManifest.xml:33:13-65
47-->[com.razorpay:checkout:1.6.19] AndroidManifest.xml:33:21-62
48
49            <data android:mimeType="*/*" />
49-->src\main\AndroidManifest.xml:43:17-46
50        </intent> <!-- Needs to be explicitly declared on Android R+ -->
51        <package android:name="com.google.android.apps.maps" />
51-->[com.google.android.gms:play-services-maps:18.0.2] AndroidManifest.xml:33:9-64
51-->[com.google.android.gms:play-services-maps:18.0.2] AndroidManifest.xml:33:18-61
52    </queries>
53
54    <uses-permission android:name="android.permission.FOREGROUND_SERVICE" />
54-->[:geolocator_android] AndroidManifest.xml:9:5-77
54-->[:geolocator_android] AndroidManifest.xml:9:22-74
55    <uses-permission android:name="android.permission.ACCESS_NETWORK_STATE" />
55-->[com.google.firebase:firebase-auth:21.0.6] AndroidManifest.xml:24:5-79
55-->[com.google.firebase:firebase-auth:21.0.6] AndroidManifest.xml:24:22-76
56    <uses-permission android:name="android.permission.WAKE_LOCK" />
56-->[com.google.android.gms:play-services-measurement-api:21.0.0] AndroidManifest.xml:24:5-68
56-->[com.google.android.gms:play-services-measurement-api:21.0.0] AndroidManifest.xml:24:22-65
57    <uses-permission android:name="com.google.android.gms.permission.AD_ID" />
57-->[com.google.android.gms:play-services-measurement-api:21.0.0] AndroidManifest.xml:25:5-79
57-->[com.google.android.gms:play-services-measurement-api:21.0.0] AndroidManifest.xml:25:22-76
58
59    <uses-feature
59-->[com.google.android.gms:play-services-maps:18.0.2] AndroidManifest.xml:26:5-28:35
60        android:glEsVersion="0x00020000"
60-->[com.google.android.gms:play-services-maps:18.0.2] AndroidManifest.xml:27:9-41
61        android:required="true" />
61-->[com.google.android.gms:play-services-maps:18.0.2] AndroidManifest.xml:28:9-32
62
63    <uses-permission android:name="com.google.android.finsky.permission.BIND_GET_INSTALL_REFERRER_SERVICE" />
63-->[com.google.android.gms:play-services-measurement:21.0.0] AndroidManifest.xml:26:5-110
63-->[com.google.android.gms:play-services-measurement:21.0.0] AndroidManifest.xml:26:22-107
64
65    <application
66        android:name="android.app.Application"
67        android:appComponentFactory="androidx.core.app.CoreComponentFactory"
67-->[androidx.core:core:1.8.0] AndroidManifest.xml:24:18-86
68        android:debuggable="true"
69        android:icon="@mipmap/ic_launcher"
70        android:label="Aapka Aadhaar" >
71        <activity
72            android:name="com.example.aapka_aadhaar.MainActivity"
73            android:configChanges="orientation|keyboardHidden|keyboard|screenSize|smallestScreenSize|locale|layoutDirection|fontScale|screenLayout|density|uiMode"
74            android:exported="true"
75            android:hardwareAccelerated="true"
76            android:launchMode="singleTop"
77            android:theme="@style/LaunchTheme"
78            android:windowSoftInputMode="adjustResize" >
79
80            <!--
81                 Specifies an Android theme to apply to this Activity as soon as
82                 the Android process has started. This theme is visible to the user
83                 while the Flutter UI initializes. After that, this theme continues
84                 to determine the Window background behind the Flutter UI.
85            -->
86            <meta-data
87                android:name="io.flutter.embedding.android.NormalTheme"
88                android:resource="@style/NormalTheme" />
89
90            <intent-filter>
91                <action android:name="android.intent.action.MAIN" />
91-->[com.razorpay:checkout:1.6.19] AndroidManifest.xml:30:13-65
91-->[com.razorpay:checkout:1.6.19] AndroidManifest.xml:30:21-62
92
93                <category android:name="android.intent.category.LAUNCHER" />
94            </intent-filter>
95        </activity>
96        <!--
97             Don't delete the meta-data below.
98             This is used by the Flutter tool to generate GeneratedPluginRegistrant.java
99        -->
100        <meta-data
101            android:name="flutterEmbedding"
102            android:value="2" />
103        <meta-data
104            android:name="com.google.android.geo.API_KEY"
105            android:value="AIzaSyDkK07H_RBRxPdHLGFf80GzawgrU5fgjBI" />
106
107        <service
107-->[:firebase_database] AndroidManifest.xml:10:9-14:19
108            android:name="com.google.firebase.components.ComponentDiscoveryService"
108-->[:firebase_database] AndroidManifest.xml:10:18-89
109            android:directBootAware="true"
109-->[com.google.firebase:firebase-common:20.1.1] AndroidManifest.xml:35:13-43
110            android:exported="false" >
110-->[com.google.firebase:firebase-analytics-ktx:21.0.0] AndroidManifest.xml:10:13-37
111            <meta-data
111-->[:firebase_database] AndroidManifest.xml:11:13-13:85
112                android:name="com.google.firebase.components:io.flutter.plugins.firebase.database.FlutterFirebaseAppRegistrar"
112-->[:firebase_database] AndroidManifest.xml:12:17-127
113                android:value="com.google.firebase.components.ComponentRegistrar" />
113-->[:firebase_database] AndroidManifest.xml:13:17-82
114            <meta-data
114-->[:firebase_auth] AndroidManifest.xml:11:13-13:85
115                android:name="com.google.firebase.components:io.flutter.plugins.firebase.auth.FlutterFirebaseAuthRegistrar"
115-->[:firebase_auth] AndroidManifest.xml:12:17-124
116                android:value="com.google.firebase.components.ComponentRegistrar" />
116-->[:firebase_auth] AndroidManifest.xml:13:17-82
117            <meta-data
117-->[:firebase_core] AndroidManifest.xml:11:13-13:85
118                android:name="com.google.firebase.components:io.flutter.plugins.firebase.core.FlutterFirebaseCoreRegistrar"
118-->[:firebase_core] AndroidManifest.xml:12:17-124
119                android:value="com.google.firebase.components.ComponentRegistrar" />
119-->[:firebase_core] AndroidManifest.xml:13:17-82
120            <meta-data
120-->[com.google.firebase:firebase-analytics-ktx:21.0.0] AndroidManifest.xml:11:13-13:85
121                android:name="com.google.firebase.components:com.google.firebase.analytics.ktx.FirebaseAnalyticsKtxRegistrar"
121-->[com.google.firebase:firebase-analytics-ktx:21.0.0] AndroidManifest.xml:12:17-126
122                android:value="com.google.firebase.components.ComponentRegistrar" />
122-->[com.google.firebase:firebase-analytics-ktx:21.0.0] AndroidManifest.xml:13:17-82
123            <meta-data
123-->[com.google.firebase:firebase-common-ktx:20.1.1] AndroidManifest.xml:15:13-17:85
124                android:name="com.google.firebase.components:com.google.firebase.ktx.FirebaseCommonKtxRegistrar"
124-->[com.google.firebase:firebase-common-ktx:20.1.1] AndroidManifest.xml:16:17-113
125                android:value="com.google.firebase.components.ComponentRegistrar" />
125-->[com.google.firebase:firebase-common-ktx:20.1.1] AndroidManifest.xml:17:17-82
126            <meta-data
126-->[com.google.firebase:firebase-auth:21.0.6] AndroidManifest.xml:67:13-69:85
127                android:name="com.google.firebase.components:com.google.firebase.auth.FirebaseAuthRegistrar"
127-->[com.google.firebase:firebase-auth:21.0.6] AndroidManifest.xml:68:17-109
128                android:value="com.google.firebase.components.ComponentRegistrar" />
128-->[com.google.firebase:firebase-auth:21.0.6] AndroidManifest.xml:69:17-82
129            <meta-data
129-->[com.google.firebase:firebase-database:20.0.5] AndroidManifest.xml:32:13-34:85
130                android:name="com.google.firebase.components:com.google.firebase.database.DatabaseRegistrar"
130-->[com.google.firebase:firebase-database:20.0.5] AndroidManifest.xml:33:17-109
131                android:value="com.google.firebase.components.ComponentRegistrar" />
131-->[com.google.firebase:firebase-database:20.0.5] AndroidManifest.xml:34:17-82
132            <meta-data
132-->[com.google.android.gms:play-services-measurement-api:21.0.0] AndroidManifest.xml:31:13-33:85
133                android:name="com.google.firebase.components:com.google.firebase.analytics.connector.internal.AnalyticsConnectorRegistrar"
133-->[com.google.android.gms:play-services-measurement-api:21.0.0] AndroidManifest.xml:32:17-139
134                android:value="com.google.firebase.components.ComponentRegistrar" />
134-->[com.google.android.gms:play-services-measurement-api:21.0.0] AndroidManifest.xml:33:17-82
135            <meta-data
135-->[com.google.firebase:firebase-installations:17.0.1] AndroidManifest.xml:18:13-20:85
136                android:name="com.google.firebase.components:com.google.firebase.installations.FirebaseInstallationsRegistrar"
136-->[com.google.firebase:firebase-installations:17.0.1] AndroidManifest.xml:19:17-127
137                android:value="com.google.firebase.components.ComponentRegistrar" />
137-->[com.google.firebase:firebase-installations:17.0.1] AndroidManifest.xml:20:17-82
138        </service>
139        <service
139-->[:geolocator_android] AndroidManifest.xml:12:9-16:56
140            android:name="com.baseflow.geolocator.GeolocatorLocationService"
140-->[:geolocator_android] AndroidManifest.xml:13:13-77
141            android:enabled="true"
141-->[:geolocator_android] AndroidManifest.xml:14:13-35
142            android:exported="false"
142-->[:geolocator_android] AndroidManifest.xml:15:13-37
143            android:foregroundServiceType="location" />
143-->[:geolocator_android] AndroidManifest.xml:16:13-53
144
145        <provider
145-->[:image_picker_android] AndroidManifest.xml:10:9-18:20
146            android:name="io.flutter.plugins.imagepicker.ImagePickerFileProvider"
146-->[:image_picker_android] AndroidManifest.xml:11:13-82
147            android:authorities="com.example.aapka_aadhaar.flutter.image_provider"
147-->[:image_picker_android] AndroidManifest.xml:12:13-74
148            android:exported="false"
148-->[:image_picker_android] AndroidManifest.xml:13:13-37
149            android:grantUriPermissions="true" >
149-->[:image_picker_android] AndroidManifest.xml:14:13-47
150            <meta-data
150-->[:image_picker_android] AndroidManifest.xml:15:13-17:75
151                android:name="android.support.FILE_PROVIDER_PATHS"
151-->[:image_picker_android] AndroidManifest.xml:16:17-67
152                android:resource="@xml/flutter_image_picker_file_paths" />
152-->[:image_picker_android] AndroidManifest.xml:17:17-72
153        </provider>
154
155        <activity
155-->[:url_launcher_android] AndroidManifest.xml:10:9-13:74
156            android:name="io.flutter.plugins.urllauncher.WebViewActivity"
156-->[:url_launcher_android] AndroidManifest.xml:11:13-74
157            android:exported="false"
157-->[:url_launcher_android] AndroidManifest.xml:12:13-37
158            android:theme="@android:style/Theme.NoTitleBar.Fullscreen" />
158-->[:url_launcher_android] AndroidManifest.xml:13:13-71
159
160        <service
160-->[:location] AndroidManifest.xml:13:9-17:56
161            android:name="com.lyokone.location.FlutterLocationService"
161-->[:location] AndroidManifest.xml:14:13-71
162            android:enabled="true"
162-->[:location] AndroidManifest.xml:15:13-35
163            android:exported="false"
163-->[:location] AndroidManifest.xml:16:13-37
164            android:foregroundServiceType="location" />
164-->[:location] AndroidManifest.xml:17:13-53
165
166        <uses-library
166-->[androidx.window:window:1.0.0-beta04] AndroidManifest.xml:25:9-27:40
167            android:name="androidx.window.extensions"
167-->[androidx.window:window:1.0.0-beta04] AndroidManifest.xml:26:13-54
168            android:required="false" />
168-->[androidx.window:window:1.0.0-beta04] AndroidManifest.xml:27:13-37
169        <uses-library
169-->[androidx.window:window:1.0.0-beta04] AndroidManifest.xml:28:9-30:40
170            android:name="androidx.window.sidecar"
170-->[androidx.window:window:1.0.0-beta04] AndroidManifest.xml:29:13-51
171            android:required="false" />
171-->[androidx.window:window:1.0.0-beta04] AndroidManifest.xml:30:13-37
172
173        <activity
173-->[com.google.firebase:firebase-auth:21.0.6] AndroidManifest.xml:27:9-44:20
174            android:name="com.google.firebase.auth.internal.GenericIdpActivity"
174-->[com.google.firebase:firebase-auth:21.0.6] AndroidManifest.xml:28:13-80
175            android:excludeFromRecents="true"
175-->[com.google.firebase:firebase-auth:21.0.6] AndroidManifest.xml:29:13-46
176            android:exported="true"
176-->[com.google.firebase:firebase-auth:21.0.6] AndroidManifest.xml:30:13-36
177            android:launchMode="singleTask"
177-->[com.google.firebase:firebase-auth:21.0.6] AndroidManifest.xml:31:13-44
178            android:theme="@android:style/Theme.Translucent.NoTitleBar" >
178-->[com.google.firebase:firebase-auth:21.0.6] AndroidManifest.xml:32:13-72
179            <intent-filter>
179-->[com.google.firebase:firebase-auth:21.0.6] AndroidManifest.xml:33:13-43:29
180                <action android:name="android.intent.action.VIEW" />
180-->src\main\AndroidManifest.xml:42:13-65
180-->src\main\AndroidManifest.xml:42:21-62
181
182                <category android:name="android.intent.category.DEFAULT" />
182-->[com.google.firebase:firebase-auth:21.0.6] AndroidManifest.xml:36:17-76
182-->[com.google.firebase:firebase-auth:21.0.6] AndroidManifest.xml:36:27-73
183                <category android:name="android.intent.category.BROWSABLE" />
183-->[com.google.firebase:firebase-auth:21.0.6] AndroidManifest.xml:37:17-78
183-->[com.google.firebase:firebase-auth:21.0.6] AndroidManifest.xml:37:27-75
184
185                <data
185-->src\main\AndroidManifest.xml:43:17-46
186                    android:host="firebase.auth"
187                    android:path="/"
188                    android:scheme="genericidp" />
188-->src\main\AndroidManifest.xml:43:23-43
189            </intent-filter>
190        </activity>
191        <activity
191-->[com.google.firebase:firebase-auth:21.0.6] AndroidManifest.xml:45:9-62:20
192            android:name="com.google.firebase.auth.internal.RecaptchaActivity"
192-->[com.google.firebase:firebase-auth:21.0.6] AndroidManifest.xml:46:13-79
193            android:excludeFromRecents="true"
193-->[com.google.firebase:firebase-auth:21.0.6] AndroidManifest.xml:47:13-46
194            android:exported="true"
194-->[com.google.firebase:firebase-auth:21.0.6] AndroidManifest.xml:48:13-36
195            android:launchMode="singleTask"
195-->[com.google.firebase:firebase-auth:21.0.6] AndroidManifest.xml:49:13-44
196            android:theme="@android:style/Theme.Translucent.NoTitleBar" >
196-->[com.google.firebase:firebase-auth:21.0.6] AndroidManifest.xml:50:13-72
197            <intent-filter>
197-->[com.google.firebase:firebase-auth:21.0.6] AndroidManifest.xml:51:13-61:29
198                <action android:name="android.intent.action.VIEW" />
198-->src\main\AndroidManifest.xml:42:13-65
198-->src\main\AndroidManifest.xml:42:21-62
199
200                <category android:name="android.intent.category.DEFAULT" />
200-->[com.google.firebase:firebase-auth:21.0.6] AndroidManifest.xml:36:17-76
200-->[com.google.firebase:firebase-auth:21.0.6] AndroidManifest.xml:36:27-73
201                <category android:name="android.intent.category.BROWSABLE" />
201-->[com.google.firebase:firebase-auth:21.0.6] AndroidManifest.xml:37:17-78
201-->[com.google.firebase:firebase-auth:21.0.6] AndroidManifest.xml:37:27-75
202
203                <data
203-->src\main\AndroidManifest.xml:43:17-46
204                    android:host="firebase.auth"
205                    android:path="/"
206                    android:scheme="recaptcha" />
206-->src\main\AndroidManifest.xml:43:23-43
207            </intent-filter>
208        </activity>
209
210        <provider
210-->[com.google.firebase:firebase-common:20.1.1] AndroidManifest.xml:26:9-31:39
211            android:name="com.google.firebase.provider.FirebaseInitProvider"
211-->[com.google.firebase:firebase-common:20.1.1] AndroidManifest.xml:27:13-77
212            android:authorities="com.example.aapka_aadhaar.firebaseinitprovider"
212-->[com.google.firebase:firebase-common:20.1.1] AndroidManifest.xml:28:13-72
213            android:directBootAware="true"
213-->[com.google.firebase:firebase-common:20.1.1] AndroidManifest.xml:29:13-43
214            android:exported="false"
214-->[com.google.firebase:firebase-common:20.1.1] AndroidManifest.xml:30:13-37
215            android:initOrder="100" />
215-->[com.google.firebase:firebase-common:20.1.1] AndroidManifest.xml:31:13-36
216
217        <receiver
217-->[com.razorpay:checkout:1.6.19] AndroidManifest.xml:40:9-46:20
218            android:name="com.razorpay.RzpTokenReceiver"
218-->[com.razorpay:checkout:1.6.19] AndroidManifest.xml:41:13-57
219            android:exported="false" >
219-->[com.razorpay:checkout:1.6.19] AndroidManifest.xml:42:13-37
220            <intent-filter>
220-->[com.razorpay:checkout:1.6.19] AndroidManifest.xml:43:13-45:29
221                <action android:name="rzp.device_token.share" />
221-->[com.razorpay:checkout:1.6.19] AndroidManifest.xml:44:17-65
221-->[com.razorpay:checkout:1.6.19] AndroidManifest.xml:44:25-62
222            </intent-filter>
223        </receiver>
224
225        <activity
225-->[com.razorpay:checkout:1.6.19] AndroidManifest.xml:48:9-60:20
226            android:name="com.razorpay.CheckoutActivity"
226-->[com.razorpay:checkout:1.6.19] AndroidManifest.xml:49:13-57
227            android:configChanges="keyboard|keyboardHidden|orientation|screenSize"
227-->[com.razorpay:checkout:1.6.19] AndroidManifest.xml:50:13-83
228            android:exported="true"
228-->[com.razorpay:checkout:1.6.19] AndroidManifest.xml:51:13-36
229            android:theme="@style/CheckoutTheme" >
229-->[com.razorpay:checkout:1.6.19] AndroidManifest.xml:52:13-49
230            <intent-filter>
230-->[com.razorpay:checkout:1.6.19] AndroidManifest.xml:53:13-59:29
231                <action android:name="android.intent.action.MAIN" />
231-->[com.razorpay:checkout:1.6.19] AndroidManifest.xml:30:13-65
231-->[com.razorpay:checkout:1.6.19] AndroidManifest.xml:30:21-62
232
233                <data
233-->src\main\AndroidManifest.xml:43:17-46
234                    android:host="rzp.io"
235                    android:scheme="io.rzp" />
235-->src\main\AndroidManifest.xml:43:23-43
236            </intent-filter>
237        </activity>
238
239        <meta-data
239-->[com.razorpay:checkout:1.6.19] AndroidManifest.xml:62:9-64:58
240            android:name="com.razorpay.plugin.googlepay_all"
240-->[com.razorpay:checkout:1.6.19] AndroidManifest.xml:63:13-61
241            android:value="com.razorpay.RzpGpayMerged" /> <!-- Needs to be explicitly declared on P+ -->
241-->[com.razorpay:checkout:1.6.19] AndroidManifest.xml:64:13-55
242        <uses-library
242-->[com.google.android.gms:play-services-maps:18.0.2] AndroidManifest.xml:39:9-41:40
243            android:name="org.apache.http.legacy"
243-->[com.google.android.gms:play-services-maps:18.0.2] AndroidManifest.xml:40:13-50
244            android:required="false" />
244-->[com.google.android.gms:play-services-maps:18.0.2] AndroidManifest.xml:41:13-37
245
246        <activity
246-->[com.google.android.gms:play-services-auth:17.0.0] AndroidManifest.xml:23:9-27:75
247            android:name="com.google.android.gms.auth.api.signin.internal.SignInHubActivity"
247-->[com.google.android.gms:play-services-auth:17.0.0] AndroidManifest.xml:24:13-93
248            android:excludeFromRecents="true"
248-->[com.google.android.gms:play-services-auth:17.0.0] AndroidManifest.xml:25:13-46
249            android:exported="false"
249-->[com.google.android.gms:play-services-auth:17.0.0] AndroidManifest.xml:26:13-37
250            android:theme="@android:style/Theme.Translucent.NoTitleBar" />
250-->[com.google.android.gms:play-services-auth:17.0.0] AndroidManifest.xml:27:13-72
251        <!--
252            Service handling Google Sign-In user revocation. For apps that do not integrate with
253            Google Sign-In, this service will never be started.
254        -->
255        <service
255-->[com.google.android.gms:play-services-auth:17.0.0] AndroidManifest.xml:33:9-36:110
256            android:name="com.google.android.gms.auth.api.signin.RevocationBoundService"
256-->[com.google.android.gms:play-services-auth:17.0.0] AndroidManifest.xml:34:13-89
257            android:exported="true"
257-->[com.google.android.gms:play-services-auth:17.0.0] AndroidManifest.xml:35:13-36
258            android:permission="com.google.android.gms.auth.api.signin.permission.REVOCATION_NOTIFICATION" />
258-->[com.google.android.gms:play-services-auth:17.0.0] AndroidManifest.xml:36:13-107
259
260        <activity
260-->[com.google.android.gms:play-services-base:18.0.1] AndroidManifest.xml:20:9-22:45
261            android:name="com.google.android.gms.common.api.GoogleApiActivity"
261-->[com.google.android.gms:play-services-base:18.0.1] AndroidManifest.xml:20:19-85
262            android:exported="false"
262-->[com.google.android.gms:play-services-base:18.0.1] AndroidManifest.xml:22:19-43
263            android:theme="@android:style/Theme.Translucent.NoTitleBar" />
263-->[com.google.android.gms:play-services-base:18.0.1] AndroidManifest.xml:21:19-78
264
265        <receiver
265-->[com.google.android.gms:play-services-measurement:21.0.0] AndroidManifest.xml:29:9-33:20
266            android:name="com.google.android.gms.measurement.AppMeasurementReceiver"
266-->[com.google.android.gms:play-services-measurement:21.0.0] AndroidManifest.xml:30:13-85
267            android:enabled="true"
267-->[com.google.android.gms:play-services-measurement:21.0.0] AndroidManifest.xml:31:13-35
268            android:exported="false" >
268-->[com.google.android.gms:play-services-measurement:21.0.0] AndroidManifest.xml:32:13-37
269        </receiver>
270
271        <service
271-->[com.google.android.gms:play-services-measurement:21.0.0] AndroidManifest.xml:35:9-38:40
272            android:name="com.google.android.gms.measurement.AppMeasurementService"
272-->[com.google.android.gms:play-services-measurement:21.0.0] AndroidManifest.xml:36:13-84
273            android:enabled="true"
273-->[com.google.android.gms:play-services-measurement:21.0.0] AndroidManifest.xml:37:13-35
274            android:exported="false" />
274-->[com.google.android.gms:play-services-measurement:21.0.0] AndroidManifest.xml:38:13-37
275        <service
275-->[com.google.android.gms:play-services-measurement:21.0.0] AndroidManifest.xml:39:9-43:72
276            android:name="com.google.android.gms.measurement.AppMeasurementJobService"
276-->[com.google.android.gms:play-services-measurement:21.0.0] AndroidManifest.xml:40:13-87
277            android:enabled="true"
277-->[com.google.android.gms:play-services-measurement:21.0.0] AndroidManifest.xml:41:13-35
278            android:exported="false"
278-->[com.google.android.gms:play-services-measurement:21.0.0] AndroidManifest.xml:42:13-37
279            android:permission="android.permission.BIND_JOB_SERVICE" />
279-->[com.google.android.gms:play-services-measurement:21.0.0] AndroidManifest.xml:43:13-69
280
281        <meta-data
281-->[com.google.android.gms:play-services-basement:18.0.0] AndroidManifest.xml:21:9-23:69
282            android:name="com.google.android.gms.version"
282-->[com.google.android.gms:play-services-basement:18.0.0] AndroidManifest.xml:22:13-58
283            android:value="@integer/google_play_services_version" />
283-->[com.google.android.gms:play-services-basement:18.0.0] AndroidManifest.xml:23:13-66
284    </application>
285
286</manifest>